<?xml version="1.0" encoding="UTF-8"?>
<testng-results ignored="0" total="1" passed="1" failed="0" skipped="0">
  <reporter-output>
  </reporter-output>
  <suite started-at="2025-03-02T23:52:02 IST" name="Default suite" finished-at="2025-03-02T23:52:28 IST" duration-ms="25460">
    <groups>
    </groups>
    <test started-at="2025-03-02T23:52:02 IST" name="Default test" finished-at="2025-03-02T23:52:28 IST" duration-ms="25460">
      <class name="testCases.VerifyOnlyForTestingPageDetails">
        <test-method is-config="true" signature="setup()[pri:0, instance:testCases.VerifyOnlyForTestingPageDetails@62150f9e]" started-at="2025-03-02T23:52:02 IST" name="setup" finished-at="2025-03-02T23:52:17 IST" duration-ms="14571" status="PASS">
          <reporter-output>
          </reporter-output>
        </test-method> <!-- setup -->
        <test-method signature="VerifyOnlyForTestingPageDetails()[pri:0, instance:testCases.VerifyOnlyForTestingPageDetails@62150f9e]" started-at="2025-03-02T23:52:17 IST" name="VerifyOnlyForTestingPageDetails" finished-at="2025-03-02T23:52:27 IST" duration-ms="10378" status="PASS">
          <reporter-output>
          </reporter-output>
        </test-method> <!-- VerifyOnlyForTestingPageDetails -->
        <test-method is-config="true" signature="tearDown()[pri:0, instance:testCases.VerifyOnlyForTestingPageDetails@62150f9e]" started-at="2025-03-02T23:52:27 IST" name="tearDown" finished-at="2025-03-02T23:52:28 IST" duration-ms="424" status="PASS">
          <reporter-output>
          </reporter-output>
        </test-method> <!-- tearDown -->
      </class> <!-- testCases.VerifyOnlyForTestingPageDetails -->
    </test> <!-- Default test -->
  </suite> <!-- Default suite -->
</testng-results>
